
> my-v0-project@0.1.0 dev
> next dev

 ⚠ Port 3000 is in use, trying 3001 instead.
 ⚠ Port 3001 is in use, trying 3002 instead.
   ▲ Next.js 15.2.4
   - Local:        http://localhost:3002
   - Network:      http://128.199.96.56:3002

 ✓ Starting...
 ✓ Ready in 3.6s
 ○ Compiling /_not-found ...
 ✓ Compiled /_not-found in 15.5s (681 modules)
 GET / 404 in 15485ms
 GET / 404 in 16836ms
 GET / 404 in 15459ms
 ✓ Compiled in 1434ms (318 modules)
 ✓ Compiled in 569ms (318 modules)
 ✓ Compiled in 701ms (318 modules)
 ✓ Compiled in 720ms (318 modules)
 ✓ Compiled in 642ms (318 modules)
 ✓ Compiled in 548ms (318 modules)
 ✓ Compiled in 523ms (318 modules)
 ✓ Compiled in 622ms (318 modules)
 ✓ Compiled in 582ms (318 modules)
 ⚠ Cross origin request detected from 128.199.96.56 to /_next/* resource. In a future major version of Next.js, you will need to explicitly configure "allowedDevOrigins" in next.config to allow this.
Read more: https://nextjs.org/docs/app/api-reference/config/next-config-js/allowedDevOrigins
 ✓ Compiled in 690ms (318 modules)
 ✓ Compiled in 1629ms (649 modules)
 GET / 404 in 2271ms
 ✓ Compiled in 1526ms (663 modules)
 GET / 404 in 1299ms
 ✓ Compiled in 1356ms (663 modules)
 GET / 404 in 977ms
 ✓ Compiled in 1267ms (663 modules)
 GET / 404 in 789ms
 ✓ Compiled in 1071ms (663 modules)
 GET / 404 in 709ms
 ✓ Compiled in 1592ms (663 modules)
 GET / 404 in 1345ms
 ✓ Compiled in 1474ms (663 modules)
 GET / 404 in 815ms
 ✓ Compiled in 1073ms (663 modules)
 GET / 404 in 714ms
 ✓ Compiled in 1122ms (663 modules)
 GET / 404 in 777ms
 ✓ Compiled in 1081ms (663 modules)
 GET / 404 in 1357ms
 ✓ Compiled in 1570ms (663 modules)
 GET / 404 in 1352ms
 ✓ Compiled in 1219ms (663 modules)
 GET / 404 in 701ms
 ✓ Compiled in 1053ms (663 modules)
 GET / 404 in 1271ms
 ✓ Compiled in 1302ms (663 modules)
 GET / 404 in 751ms
 ✓ Compiled in 1362ms (663 modules)
 GET / 404 in 1048ms
 ✓ Compiled in 1310ms (663 modules)
 GET / 404 in 1385ms
 ✓ Compiled in 1291ms (663 modules)
 GET / 404 in 1022ms
 ✓ Compiled in 961ms (663 modules)
 GET / 404 in 945ms
 ✓ Compiled in 982ms (663 modules)
 GET / 404 in 890ms
 ✓ Compiled in 1385ms (663 modules)
 GET / 404 in 953ms
 ✓ Compiled in 1180ms (663 modules)
 GET / 404 in 1044ms
 ✓ Compiled in 1015ms (663 modules)
 GET / 404 in 686ms
 ✓ Compiled in 988ms (663 modules)
 GET / 404 in 852ms
 ✓ Compiled in 897ms (663 modules)
 GET / 404 in 620ms
 ✓ Compiled in 840ms (663 modules)
 GET / 404 in 598ms
 ✓ Compiled in 908ms (663 modules)
 GET / 404 in 676ms
 ✓ Compiled in 1177ms (663 modules)
 GET / 404 in 777ms
 ✓ Compiled in 1183ms (663 modules)
 ○ Compiling /reviews ...
 ✓ Compiled /reviews in 19.1s (2251 modules)
 GET / 404 in 19913ms
 GET /reviews 200 in 20411ms
 ✓ Compiled in 2.8s (2265 modules)
 ✓ Compiled in 1047ms (1119 modules)
 ✓ Compiled in 902ms (1119 modules)
 ✓ Compiled in 770ms (1119 modules)
 ○ Compiling /api/reviews ...
 ✓ Compiled /api/reviews in 2.1s (2284 modules)
 GET /api/reviews?page=1 200 in 2490ms
 GET /api/reviews 200 in 2668ms
 GET /reviews 200 in 742ms
 ✓ Compiled in 1290ms (1120 modules)
 GET /reviews 200 in 614ms
 ✓ Compiled in 886ms (1120 modules)
 GET /reviews 200 in 281ms
 ✓ Compiled in 704ms (1120 modules)
 GET /reviews 200 in 515ms
 ✓ Compiled in 765ms (1120 modules)
 GET /reviews 200 in 481ms
 ✓ Compiled in 756ms (1120 modules)
 GET /reviews 200 in 121ms
 ✓ Compiled in 674ms (1120 modules)
 GET /reviews 200 in 241ms
 ✓ Compiled in 595ms (1120 modules)
 GET /reviews 200 in 635ms
 ✓ Compiled in 727ms (1120 modules)
 GET /reviews 200 in 163ms
 ✓ Compiled in 765ms (1120 modules)
 GET /reviews 200 in 577ms
 ✓ Compiled in 841ms (1120 modules)
 GET /reviews 200 in 378ms
 ✓ Compiled in 733ms (1120 modules)
 GET /reviews 200 in 363ms
 ✓ Compiled in 945ms (1120 modules)
 GET /reviews 200 in 134ms
 ✓ Compiled in 681ms (1120 modules)
 ✓ Compiled in 779ms (1120 modules)
 GET /reviews 200 in 333ms
 GET /reviews 200 in 416ms
 ✓ Compiled in 758ms (1120 modules)
 GET /reviews 200 in 784ms
 ✓ Compiled in 904ms (1120 modules)
 GET /reviews 200 in 450ms
 ✓ Compiled in 692ms (1120 modules)
 GET /reviews 200 in 241ms
 ✓ Compiled in 595ms (1120 modules)
 GET /reviews 200 in 417ms
 ✓ Compiled in 613ms (1120 modules)
 GET /reviews 200 in 116ms
 ✓ Compiled in 738ms (1120 modules)
 GET /reviews 200 in 106ms
 ✓ Compiled in 515ms (1120 modules)
 GET /reviews 200 in 252ms
 ✓ Compiled in 638ms (1120 modules)
 GET /reviews 200 in 315ms
 ✓ Compiled in 768ms (1120 modules)
 GET /reviews 200 in 281ms
 ✓ Compiled in 760ms (1120 modules)
 GET /reviews 200 in 239ms
 ✓ Compiled in 625ms (1120 modules)
 GET /reviews 200 in 300ms
 ✓ Compiled in 696ms (1120 modules)
 GET /reviews 200 in 277ms
 ✓ Compiled in 731ms (1120 modules)
 GET /reviews 200 in 192ms
 ✓ Compiled in 822ms (1120 modules)
 GET /reviews 200 in 237ms
 ✓ Compiled in 622ms (1120 modules)
 GET /reviews 200 in 231ms
 ✓ Compiled in 843ms (1120 modules)
 GET /reviews 200 in 393ms
 ✓ Compiled in 792ms (1120 modules)
 GET /reviews 200 in 289ms
 ✓ Compiled in 723ms (1120 modules)
 GET /reviews 200 in 355ms
 ✓ Compiled in 785ms (1120 modules)
 GET /reviews 200 in 302ms
 ✓ Compiled in 787ms (1120 modules)
 GET /reviews 200 in 263ms
 ✓ Compiled in 888ms (1120 modules)
 GET /reviews 200 in 1282ms
 ✓ Compiled in 1732ms (1120 modules)
 GET /reviews 200 in 373ms
 ✓ Compiled in 855ms (1120 modules)
 GET /reviews 200 in 240ms
 ✓ Compiled in 540ms (1120 modules)
 GET /reviews 200 in 224ms
 ✓ Compiled in 585ms (1120 modules)
 GET /reviews 200 in 108ms
 ✓ Compiled in 518ms (1120 modules)
 GET /reviews 200 in 249ms
 ✓ Compiled in 535ms (1120 modules)
 GET /reviews 200 in 296ms
 ✓ Compiled in 646ms (1120 modules)
 GET /reviews 200 in 263ms
 ✓ Compiled in 691ms (1120 modules)
 GET /reviews 200 in 264ms
 ✓ Compiled in 638ms (1120 modules)
 GET /reviews 200 in 237ms
 ✓ Compiled in 579ms (1120 modules)
 GET /reviews 200 in 303ms
 ✓ Compiled in 658ms (1120 modules)
 GET /reviews 200 in 118ms
 ✓ Compiled in 689ms (1120 modules)
 GET /reviews 200 in 290ms
 ✓ Compiled in 618ms (1120 modules)
 GET /reviews 200 in 115ms
 ✓ Compiled in 565ms (1120 modules)
 GET /reviews 200 in 387ms
 ✓ Compiled in 583ms (1120 modules)
 GET /reviews 200 in 201ms
 ✓ Compiled in 523ms (1120 modules)
 GET /reviews 200 in 218ms
 ✓ Compiled in 576ms (1120 modules)
 GET /reviews 200 in 139ms
 ✓ Compiled in 689ms (1120 modules)
 ✓ Compiled in 628ms (1120 modules)
 GET /reviews 200 in 299ms
 GET /reviews 200 in 394ms
 ✓ Compiled in 595ms (1120 modules)
 GET /reviews 200 in 110ms
 ✓ Compiled in 532ms (1120 modules)
 GET /reviews 200 in 222ms
 ✓ Compiled in 502ms (1120 modules)
 GET /reviews 200 in 276ms
 ✓ Compiled in 729ms (1120 modules)
 GET /reviews 200 in 558ms
 ✓ Compiled in 762ms (1120 modules)
 GET /reviews 200 in 250ms
 ✓ Compiled in 616ms (1120 modules)
 GET /reviews 200 in 288ms
 ✓ Compiled in 697ms (1120 modules)
 GET /reviews 200 in 201ms
 ✓ Compiled in 510ms (1120 modules)
 ✓ Compiled in 592ms (1120 modules)
 GET /reviews 200 in 277ms
 GET /reviews 200 in 330ms
 ✓ Compiled in 756ms (1120 modules)
 GET /reviews 200 in 356ms
 ✓ Compiled in 849ms (1120 modules)
 GET /reviews 200 in 145ms
 ✓ Compiled in 756ms (1120 modules)
 GET /reviews 200 in 149ms
 ✓ Compiled in 780ms (1120 modules)
 GET /reviews 200 in 353ms
 ✓ Compiled in 828ms (1120 modules)
 GET /reviews 200 in 300ms
 ✓ Compiled in 762ms (1120 modules)
 GET /reviews 200 in 331ms
 ✓ Compiled in 821ms (1120 modules)
 GET /reviews 200 in 299ms
 ✓ Compiled in 755ms (1120 modules)
 GET /reviews 200 in 273ms
 ✓ Compiled in 721ms (1120 modules)
 GET /reviews 200 in 135ms
 ✓ Compiled in 717ms (1120 modules)
 GET /reviews 200 in 216ms
 ✓ Compiled in 556ms (1120 modules)
 GET /reviews 200 in 259ms
 ✓ Compiled in 588ms (1120 modules)
 GET /reviews 200 in 546ms
 ✓ Compiled in 854ms (1120 modules)
 GET /reviews 200 in 239ms
 ✓ Compiled in 580ms (1120 modules)
 GET /reviews 200 in 256ms
 ✓ Compiled in 647ms (1120 modules)
 GET /reviews 200 in 255ms
 ✓ Compiled in 726ms (1120 modules)
 GET /reviews 200 in 258ms
 ✓ Compiled in 651ms (1120 modules)
 GET /reviews 200 in 254ms
 ✓ Compiled in 613ms (1120 modules)
 GET /reviews 200 in 205ms
 ✓ Compiled in 526ms (1120 modules)
 GET /reviews 200 in 336ms
 ✓ Compiled in 664ms (1120 modules)
 GET /reviews 200 in 1110ms
 ✓ Compiled in 4s (1120 modules)
 GET /reviews 200 in 872ms
 ✓ Compiled in 1221ms (1120 modules)
 GET /reviews 200 in 262ms
 ✓ Compiled in 708ms (1120 modules)
 GET /reviews 200 in 150ms
 ✓ Compiled in 606ms (1120 modules)
 GET /reviews 200 in 410ms
 ✓ Compiled in 646ms (1120 modules)
 GET /reviews 200 in 482ms
 ✓ Compiled in 753ms (1120 modules)
 GET /reviews 200 in 456ms
 ✓ Compiled in 782ms (1120 modules)
 GET /reviews 200 in 567ms
 ✓ Compiled in 803ms (1120 modules)
 GET /reviews 200 in 113ms
 ✓ Compiled in 733ms (1120 modules)
 GET /reviews 200 in 169ms
 ✓ Compiled in 634ms (1120 modules)
 GET /reviews 200 in 246ms
 ✓ Compiled in 697ms (1120 modules)
 GET /reviews 200 in 278ms
 ✓ Compiled in 705ms (1120 modules)
 GET /reviews 200 in 272ms
 ✓ Compiled in 689ms (1120 modules)
 GET /reviews 200 in 310ms
 ✓ Compiled in 740ms (1120 modules)
 GET /reviews 200 in 108ms
 ✓ Compiled in 503ms (1120 modules)
 GET /reviews 200 in 233ms
 ✓ Compiled in 541ms (1120 modules)
 GET /reviews 200 in 217ms
 ✓ Compiled in 561ms (1120 modules)
 GET /reviews 200 in 114ms
 ✓ Compiled in 643ms (1120 modules)
 GET /reviews 200 in 272ms
 ✓ Compiled in 573ms (1120 modules)
 GET /reviews 200 in 213ms
 ✓ Compiled in 487ms (1120 modules)
 GET /reviews 200 in 194ms
 ✓ Compiled in 457ms (1120 modules)
 GET /reviews 200 in 237ms
 ✓ Compiled in 566ms (1120 modules)
 GET /reviews 200 in 248ms
 ✓ Compiled in 605ms (1120 modules)
 GET /reviews 200 in 329ms
 ✓ Compiled in 525ms (1120 modules)
 GET /reviews 200 in 149ms
 ✓ Compiled in 556ms (1120 modules)
 GET /reviews 200 in 92ms
 ✓ Compiled in 504ms (1120 modules)
 GET /reviews 200 in 270ms
 ✓ Compiled in 690ms (1120 modules)
 GET /reviews 200 in 269ms
 ✓ Compiled in 712ms (1120 modules)
 GET /reviews 200 in 102ms
 ✓ Compiled in 654ms (1120 modules)
 GET /reviews 200 in 81ms
 ✓ Compiled in 487ms (1120 modules)
 GET /reviews 200 in 189ms
 ✓ Compiled in 477ms (1120 modules)
 GET /reviews 200 in 208ms
 ✓ Compiled in 566ms (1120 modules)
 GET /reviews 200 in 111ms
 ✓ Compiled in 516ms (1120 modules)
 GET /reviews 200 in 253ms
 ✓ Compiled in 669ms (1120 modules)
 GET /reviews 200 in 250ms
 ✓ Compiled in 573ms (1120 modules)
 GET /reviews 200 in 243ms
 ✓ Compiled in 647ms (1120 modules)
 GET /reviews 200 in 146ms
 ✓ Compiled in 710ms (1120 modules)
 GET /reviews 200 in 70ms
 ✓ Compiled in 524ms (1120 modules)
 GET /reviews 200 in 293ms
 ✓ Compiled in 606ms (1120 modules)
 GET /reviews 200 in 130ms
 ✓ Compiled in 619ms (1120 modules)
 GET /reviews 200 in 90ms
 ✓ Compiled in 652ms (1120 modules)
 GET /reviews 200 in 177ms
 ✓ Compiled in 455ms (1120 modules)
 GET /reviews 200 in 196ms
 ✓ Compiled in 476ms (1120 modules)
 GET /reviews 200 in 264ms
 ✓ Compiled in 622ms (1120 modules)
 GET /reviews 200 in 194ms
 ✓ Compiled in 601ms (1120 modules)
 GET /reviews 200 in 446ms
 ✓ Compiled in 558ms (1120 modules)
 GET /reviews 200 in 273ms
 ✓ Compiled in 590ms (1120 modules)
 GET /reviews 200 in 229ms
 ✓ Compiled in 909ms (1120 modules)
 GET /reviews 200 in 191ms
 ✓ Compiled in 811ms (1120 modules)
 GET /reviews 200 in 125ms
 ✓ Compiled in 547ms (1120 modules)
 GET /reviews 200 in 468ms
 ✓ Compiled in 667ms (1120 modules)
 GET /reviews 200 in 188ms
 ✓ Compiled in 588ms (1120 modules)
 GET /reviews 200 in 548ms
 ✓ Compiled in 874ms (1120 modules)
 GET /reviews 200 in 184ms
 ✓ Compiled in 501ms (1120 modules)
 GET /reviews 200 in 208ms
 ✓ Compiled in 512ms (1120 modules)
 GET /reviews 200 in 98ms
 ✓ Compiled in 512ms (1120 modules)
 GET /reviews 200 in 99ms
 ✓ Compiled in 607ms (1120 modules)
 GET /reviews 200 in 274ms
 ✓ Compiled in 706ms (1120 modules)
 GET /reviews 200 in 1535ms
 ✓ Compiled in 1829ms (1120 modules)
 GET /reviews 200 in 218ms
 ✓ Compiled in 539ms (1120 modules)
 GET /reviews 200 in 343ms
 ✓ Compiled in 578ms (1120 modules)
 GET /reviews 200 in 409ms
 ✓ Compiled in 575ms (1120 modules)
 GET /reviews 200 in 207ms
 ✓ Compiled in 520ms (1120 modules)
 GET /reviews 200 in 200ms
 ✓ Compiled in 494ms (1120 modules)
 GET /reviews 200 in 204ms
 ✓ Compiled in 491ms (1120 modules)
 GET /reviews 200 in 253ms
 ✓ Compiled in 668ms (1120 modules)
 ✓ Compiled in 576ms (1120 modules)
 GET /reviews 200 in 262ms
 GET /reviews 200 in 243ms
 ✓ Compiled in 559ms (1120 modules)
 GET /reviews 200 in 95ms
 ✓ Compiled in 561ms (1120 modules)
 GET /reviews 200 in 240ms
 ✓ Compiled in 600ms (1120 modules)
 GET /reviews 200 in 133ms
 ✓ Compiled in 703ms (1120 modules)
 GET /reviews 200 in 212ms
 ✓ Compiled in 551ms (1120 modules)
 GET /reviews 200 in 203ms
 ✓ Compiled in 495ms (1120 modules)
 GET /reviews 200 in 201ms
 ✓ Compiled in 478ms (1120 modules)
 GET /reviews 200 in 205ms
 ✓ Compiled in 517ms (1120 modules)
 GET /reviews 200 in 191ms
 ✓ Compiled in 726ms (1120 modules)
 GET /reviews 200 in 210ms
 ✓ Compiled in 582ms (1120 modules)
 GET /reviews 200 in 100ms
 ✓ Compiled in 550ms (1120 modules)
 GET /reviews 200 in 114ms
 ✓ Compiled in 638ms (1120 modules)
 GET /reviews 200 in 238ms
 ✓ Compiled in 633ms (1120 modules)
 GET /reviews 200 in 215ms
 ✓ Compiled in 515ms (1120 modules)
 GET /reviews 200 in 212ms
 ✓ Compiled in 531ms (1120 modules)
 GET /reviews 200 in 262ms
 ✓ Compiled in 645ms (1120 modules)
 GET /reviews 200 in 134ms
 ✓ Compiled in 733ms (1120 modules)
 GET /reviews 200 in 271ms
 ✓ Compiled in 686ms (1120 modules)
 GET /reviews 200 in 356ms
 ✓ Compiled in 796ms (1120 modules)
 GET /reviews 200 in 131ms
 ✓ Compiled in 708ms (1120 modules)
 GET /reviews 200 in 124ms
 ✓ Compiled in 681ms (1120 modules)
 GET /reviews 200 in 298ms
 ✓ Compiled in 704ms (1120 modules)
 GET /reviews 200 in 314ms
 ✓ Compiled in 731ms (1120 modules)
 GET /reviews 200 in 219ms
 ✓ Compiled in 558ms (1120 modules)
 GET /reviews 200 in 118ms
 ✓ Compiled in 722ms (1120 modules)
 GET /reviews 200 in 216ms
 ✓ Compiled in 567ms (1120 modules)
 GET /reviews 200 in 202ms
 ✓ Compiled in 563ms (1120 modules)
 GET /reviews 200 in 244ms
 ✓ Compiled in 629ms (1120 modules)
 GET /reviews 200 in 91ms
 ✓ Compiled in 619ms (1120 modules)
 GET /reviews 200 in 367ms
 ✓ Compiled in 584ms (1120 modules)
 GET /reviews 200 in 280ms
 ✓ Compiled in 609ms (1120 modules)
 GET /reviews 200 in 329ms
 ✓ Compiled in 754ms (1120 modules)
 GET /reviews 200 in 239ms
 ✓ Compiled in 860ms (1120 modules)
 GET /reviews 200 in 309ms
 ✓ Compiled in 818ms (1120 modules)
 GET /reviews 200 in 743ms
 ✓ Compiled in 1029ms (1120 modules)
 GET /reviews 200 in 768ms
 ✓ Compiled in 875ms (1120 modules)
 GET /reviews 200 in 218ms
 ✓ Compiled in 874ms (1120 modules)
 GET /reviews 200 in 516ms
 ✓ Compiled in 779ms (1120 modules)
 GET /reviews 200 in 361ms
 ✓ Compiled in 933ms (1120 modules)
 GET /reviews 200 in 655ms
 ✓ Compiled in 926ms (1120 modules)
 GET /reviews 200 in 272ms
 ✓ Compiled in 992ms (1120 modules)
 GET /reviews 200 in 911ms
 ✓ Compiled in 1220ms (1120 modules)
 GET /reviews 200 in 507ms
 ✓ Compiled in 1140ms (1120 modules)
 GET /reviews 200 in 2423ms
 ✓ Compiled in 6.3s (1120 modules)
 GET /reviews 200 in 8168ms
 ✓ Compiled in 12.9s (1120 modules)
